[2021-08-06T19:21:03+00:00] 127.0.0.1 Mozilla/5.0 (Macintosh; Intel Mac OS X 11_2_1) AppleWebKit/537.36 (KHTML, like Gecko) Chrome/87.0.4280.141 Safari/537.36
titel: asdasd
declaration: asdas
implementation: dasd
references: asd
comments: 
name: sdfsdf
email: post@belameiers.de
comment: 

[2021-08-06T19:21:04+00:00] 127.0.0.1 Mozilla/5.0 (Macintosh; Intel Mac OS X 11_2_1) AppleWebKit/537.36 (KHTML, like Gecko) Chrome/87.0.4280.141 Safari/537.36
titel: asdasd
declaration: asdas
implementation: dasd
references: asd
comments: 
name: sdfsdf
email: post@belameiers.de
comment: 

[2021-08-06T19:25:42+00:00] 127.0.0.1 Mozilla/5.0 (Macintosh; Intel Mac OS X 11_2_1) AppleWebKit/537.36 (KHTML, like Gecko) Chrome/87.0.4280.141 Safari/537.36
titel: 
declaration: 
implementation: 
references: 
comments: 
name: asdasd
email: post@belameiers.de
comment: 

[2021-08-06T19:25:59+00:00] 127.0.0.1 Mozilla/5.0 (Macintosh; Intel Mac OS X 11_2_1) AppleWebKit/537.36 (KHTML, like Gecko) Chrome/87.0.4280.141 Safari/537.36
titel: 
declaration: 
implementation: 
references: 
comments: 
name: asdasd
email: post@belameiers.de
comment: 

[2021-08-06T19:26:10+00:00] 127.0.0.1 Mozilla/5.0 (Macintosh; Intel Mac OS X 11_2_1) AppleWebKit/537.36 (KHTML, like Gecko) Chrome/87.0.4280.141 Safari/537.36
titel: 
declaration: 
implementation: 
references: 
comments: 
name: asdasd
email: post@belameiers.de
comment: 

[2021-08-06T19:26:35+00:00] 127.0.0.1 Mozilla/5.0 (Macintosh; Intel Mac OS X 11_2_1) AppleWebKit/537.36 (KHTML, like Gecko) Chrome/87.0.4280.141 Safari/537.36
titel: 
declaration: 
implementation: 
references: 
comments: 
name: asdasd
email: post@belameiers.de
comment: 

[2021-08-06T19:26:40+00:00] 127.0.0.1 Mozilla/5.0 (Macintosh; Intel Mac OS X 11_2_1) AppleWebKit/537.36 (KHTML, like Gecko) Chrome/87.0.4280.141 Safari/537.36
titel: 
declaration: 
implementation: 
references: 
comments: 
name: asdasd
email: post@belameiers.de
comment: 

[2021-08-06T19:26:52+00:00] 127.0.0.1 Mozilla/5.0 (Macintosh; Intel Mac OS X 11_2_1) AppleWebKit/537.36 (KHTML, like Gecko) Chrome/87.0.4280.141 Safari/537.36
titel: 
declaration: 
implementation: 
references: 
comments: 
name: asdasd
email: post@belameiers.de
comment: 

[2021-08-06T19:27:26+00:00] 127.0.0.1 Mozilla/5.0 (Macintosh; Intel Mac OS X 11_2_1) AppleWebKit/537.36 (KHTML, like Gecko) Chrome/87.0.4280.141 Safari/537.36
titel: 
declaration: 
implementation: 
references: 
comments: 
name: asdasd
email: post@belameiers.de
comment: 

[2021-08-06T19:27:41+00:00] 127.0.0.1 Mozilla/5.0 (Macintosh; Intel Mac OS X 11_2_1) AppleWebKit/537.36 (KHTML, like Gecko) Chrome/87.0.4280.141 Safari/537.36
titel: 
declaration: 
implementation: 
references: 
comments: 
name: asdasd
email: post@belameiers.de
comment: 

[2021-08-06T19:28:54+00:00] 127.0.0.1 Mozilla/5.0 (Macintosh; Intel Mac OS X 11_2_1) AppleWebKit/537.36 (KHTML, like Gecko) Chrome/87.0.4280.141 Safari/537.36
titel: 
declaration: 
implementation: 
references: 
comments: 
name: asdasd
email: post@belameiers.de
comment: 

